# JRE version: OpenJDK Runtime Environment Microsoft-13106358 (17.0.18+8) (build 17.0.18+8-LTS)
# Java VM: OpenJDK 64-Bit Server VM Microsoft-13106358 (17.0.18+8-LTS, mixed mode, sharing, tiered, compressed oops, compressed class ptrs, g1 gc, windows-amd64)
GC Precious Log:
 CPUs: 4 total, 4 available
 Memory: 7934M
 Large Page Support: Disabled
 NUMA Support: Disabled
 Compressed Oops: Enabled (32-bit)
 Heap Region Size: 1M
 Heap Min Capacity: 8M
 Heap Initial Capacity: 124M
 Heap Max Capacity: 1984M
 Pre-touch: Disabled
 Parallel Workers: 4
 Concurrent Workers: 1
 Concurrent Refinement Workers: 4
 Periodic GC: Disabled
Heap:
 garbage-first heap   total 152576K, used 95576K [0x0000000084000000, 0x0000000100000000)
  region size 1024K, 11 young (11264K), 4 survivors (4096K)
 Metaspace       used 61202K, committed 61504K, reserved 1114112K
  class space    used 6945K, committed 7104K, reserved 1048576K
GC Heap History (20 events):
Event: 184.017 GC heap before
{Heap before GC invocations=37 (full 0):
 garbage-first heap   total 117760K, used 94955K [0x0000000084000000, 0x0000000100000000)
  region size 1024K, 26 young (26624K), 1 survivors (1024K)
 Metaspace       used 53442K, committed 53760K, reserved 1114112K
  class space    used 6285K, committed 6464K, reserved 1048576K
}
Event: 184.026 GC heap after
{Heap after GC invocations=38 (full 0):
 garbage-first heap   total 117760K, used 70341K [0x0000000084000000, 0x0000000100000000)
  region size 1024K, 2 young (2048K), 2 survivors (2048K)
 Metaspace       used 53442K, committed 53760K, reserved 1114112K
  class space    used 6285K, committed 6464K, reserved 1048576K
}
Event: 186.430 GC heap before
{Heap before GC invocations=38 (full 0):
 garbage-first heap   total 117760K, used 73413K [0x0000000084000000, 0x0000000100000000)
  region size 1024K, 5 young (5120K), 2 survivors (2048K)
 Metaspace       used 53692K, committed 54016K, reserved 1114112K
  class space    used 6320K, committed 6464K, reserved 1048576K
}
Event: 186.438 GC heap after
{Heap after GC invocations=39 (full 0):
 garbage-first heap   total 117760K, used 70215K [0x0000000084000000, 0x0000000100000000)
  region size 1024K, 1 young (1024K), 1 survivors (1024K)
 Metaspace       used 53692K, committed 54016K, reserved 1114112K
  class space    used 6320K, committed 6464K, reserved 1048576K
}
Event: 204.130 GC heap before
{Heap before GC invocations=39 (full 0):
 garbage-first heap   total 117760K, used 94791K [0x0000000084000000, 0x0000000100000000)
  region size 1024K, 25 young (25600K), 1 survivors (1024K)
 Metaspace       used 55939K, committed 56256K, reserved 1114112K
  class space    used 6498K, committed 6656K, reserved 1048576K
}
Event: 204.139 GC heap after
{Heap after GC invocations=40 (full 0):
 garbage-first heap   total 117760K, used 73895K [0x0000000084000000, 0x0000000100000000)
  region size 1024K, 3 young (3072K), 3 survivors (3072K)
 Metaspace       used 55939K, committed 56256K, reserved 1114112K
  class space    used 6498K, committed 6656K, reserved 1048576K
}
Event: 219.295 GC heap before
{Heap before GC invocations=40 (full 0):
 garbage-first heap   total 117760K, used 96423K [0x0000000084000000, 0x0000000100000000)
  region size 1024K, 25 young (25600K), 3 survivors (3072K)
 Metaspace       used 57405K, committed 57728K, reserved 1114112K
  class space    used 6617K, committed 6784K, reserved 1048576K
}
Event: 219.361 GC heap after
{Heap after GC invocations=41 (full 0):
 garbage-first heap   total 117760K, used 75677K [0x0000000084000000, 0x0000000100000000)
  region size 1024K, 3 young (3072K), 3 survivors (3072K)
 Metaspace       used 57405K, committed 57728K, reserved 1114112K
  class space    used 6617K, committed 6784K, reserved 1048576K
}
Event: 248.271 GC heap before
{Heap before GC invocations=41 (full 0):
 garbage-first heap   total 117760K, used 97181K [0x0000000084000000, 0x0000000100000000)
  region size 1024K, 24 young (24576K), 3 survivors (3072K)
 Metaspace       used 59352K, committed 59712K, reserved 1114112K
  class space    used 6824K, committed 6976K, reserved 1048576K
}
Event: 248.301 GC heap after
{Heap after GC invocations=42 (full 0):
 garbage-first heap   total 117760K, used 78658K [0x0000000084000000, 0x0000000100000000)
  region size 1024K, 3 young (3072K), 3 survivors (3072K)
 Metaspace       used 59352K, committed 59712K, reserved 1114112K
  class space    used 6824K, committed 6976K, reserved 1048576K
}
Event: 262.104 GC heap before
{Heap before GC invocations=43 (full 0):
 garbage-first heap   total 133120K, used 97090K [0x0000000084000000, 0x0000000100000000)
  region size 1024K, 21 young (21504K), 3 survivors (3072K)
 Metaspace       used 60041K, committed 60352K, reserved 1114112K
  class space    used 6898K, committed 7040K, reserved 1048576K
}
Event: 262.120 GC heap after
{Heap after GC invocations=44 (full 0):
 garbage-first heap   total 133120K, used 81494K [0x0000000084000000, 0x0000000100000000)
  region size 1024K, 3 young (3072K), 3 survivors (3072K)
 Metaspace       used 60041K, committed 60352K, reserved 1114112K
  class space    used 6898K, committed 7040K, reserved 1048576K
}
Event: 264.025 GC heap before
{Heap before GC invocations=44 (full 0):
 garbage-first heap   total 133120K, used 84566K [0x0000000084000000, 0x0000000100000000)
  region size 1024K, 6 young (6144K), 3 survivors (3072K)
 Metaspace       used 60169K, committed 60544K, reserved 1114112K
  class space    used 6900K, committed 7104K, reserved 1048576K
}
Event: 264.039 GC heap after
{Heap after GC invocations=45 (full 0):
 garbage-first heap   total 133120K, used 81772K [0x0000000084000000, 0x0000000100000000)
  region size 1024K, 1 young (1024K), 1 survivors (1024K)
 Metaspace       used 60169K, committed 60544K, reserved 1114112K
  class space    used 6900K, committed 7104K, reserved 1048576K
}
Event: 283.444 GC heap before
{Heap before GC invocations=45 (full 0):
 garbage-first heap   total 133120K, used 110444K [0x0000000084000000, 0x0000000100000000)
  region size 1024K, 27 young (27648K), 1 survivors (1024K)
 Metaspace       used 60648K, committed 60992K, reserved 1114112K
  class space    used 6934K, committed 7104K, reserved 1048576K
}
Event: 283.617 GC heap after
{Heap after GC invocations=46 (full 0):
 garbage-first heap   total 133120K, used 85624K [0x0000000084000000, 0x0000000100000000)
  region size 1024K, 3 young (3072K), 3 survivors (3072K)
 Metaspace       used 60648K, committed 60992K, reserved 1114112K
  class space    used 6934K, committed 7104K, reserved 1048576K
}
Event: 294.874 GC heap before
{Heap before GC invocations=46 (full 0):
 garbage-first heap   total 133120K, used 110200K [0x0000000084000000, 0x0000000100000000)
  region size 1024K, 27 young (27648K), 3 survivors (3072K)
 Metaspace       used 60821K, committed 61184K, reserved 1114112K
  class space    used 6941K, committed 7104K, reserved 1048576K
}
Event: 294.891 GC heap after
{Heap after GC invocations=47 (full 0):
 garbage-first heap   total 133120K, used 87303K [0x0000000084000000, 0x0000000100000000)
  region size 1024K, 2 young (2048K), 2 survivors (2048K)
 Metaspace       used 60821K, committed 61184K, reserved 1114112K
  class space    used 6941K, committed 7104K, reserved 1048576K
}
Event: 324.224 GC heap before
{Heap before GC invocations=47 (full 0):
 garbage-first heap   total 133120K, used 111879K [0x0000000084000000, 0x0000000100000000)
  region size 1024K, 26 young (26624K), 2 survivors (2048K)
 Metaspace       used 61125K, committed 61440K, reserved 1114112K
  class space    used 6945K, committed 7104K, reserved 1048576K
}
Event: 324.243 GC heap after
{Heap after GC invocations=48 (full 0):
 garbage-first heap   total 133120K, used 89432K [0x0000000084000000, 0x0000000100000000)
  region size 1024K, 4 young (4096K), 4 survivors (4096K)
 Metaspace       used 61125K, committed 61440K, reserved 1114112K
  class space    used 6945K, committed 7104K, reserved 1048576K
}

